<?xml version="1.0" encoding="UTF-8"?>
<testsuite name="GenotypeMergeTest" tests="1" skipped="0" failures="0" errors="0" timestamp="2022-05-17T20:39:32" hostname="DESKTOP-5STOVH7" time="0.056">
  <properties/>
  <testcase name="coverageTest()" classname="GenotypeMergeTest" time="0.056"/>
  <system-out><![CDATA[]]></system-out>
  <system-err><![CDATA[]]></system-err>
</testsuite>
